Determining if the pthread_create exist failed with the following output:
Change Dir: /home/cc/ee106a/fa19/class/ee106a-adr/Desktop/project/TurtleBotProject/Turtlebot-Ball-Catcher/ros_final_project/build/CMakeFiles/CMakeTmp

Run Build Command:"/usr/bin/make" "cmTC_17eee/fast"
/usr/bin/make -f CMakeFiles/cmTC_17eee.dir/build.make CMakeFiles/cmTC_17eee.dir/build
make[1]: Entering directory '/home/cc/ee106a/fa19/class/ee106a-adr/Desktop/project/TurtleBotProject/Turtlebot-Ball-Catcher/ros_final_project/build/CMakeFiles/CMakeTmp'
Building C object CMakeFiles/cmTC_17eee.dir/CheckSymbolExists.c.o
/usr/bin/cc     -o CMakeFiles/cmTC_17eee.dir/CheckSymbolExists.c.o   -c /home/cc/ee106a/fa19/class/ee106a-adr/Desktop/project/TurtleBotProject/Turtlebot-Ball-Catcher/ros_final_project/build/CMakeFiles/CMakeTmp/CheckSymbolExists.c
Linking C executable cmTC_17eee
/usr/bin/cmake -E cmake_link_script CMakeFiles/cmTC_17eee.dir/link.txt --verbose=1
/usr/bin/cc       CMakeFiles/cmTC_17eee.dir/CheckSymbolExists.c.o  -o cmTC_17eee -rdynamic 
CMakeFiles/cmTC_17eee.dir/CheckSymbolExists.c.o: In function `main':
CheckSymbolExists.c:(.text+0x16): undefined reference to `pthread_create'
collect2: error: ld returned 1 exit status
CMakeFiles/cmTC_17eee.dir/build.make:97: recipe for target 'cmTC_17eee' failed
make[1]: *** [cmTC_17eee] Error 1
make[1]: Leaving directory '/home/cc/ee106a/fa19/class/ee106a-adr/Desktop/project/TurtleBotProject/Turtlebot-Ball-Catcher/ros_final_project/build/CMakeFiles/CMakeTmp'
Makefile:126: recipe for target 'cmTC_17eee/fast' failed
make: *** [cmTC_17eee/fast] Error 2

File /home/cc/ee106a/fa19/class/ee106a-adr/Desktop/project/TurtleBotProject/Turtlebot-Ball-Catcher/ros_final_project/build/CMakeFiles/CMakeTmp/CheckSymbolExists.c:
/* */
#include <pthread.h>

int main(int argc, char** argv)
{
  (void)argv;
#ifndef pthread_create
  return ((int*)(&pthread_create))[argc];
#else
  (void)argc;
  return 0;
#endif
}

Determining if the function pthread_create exists in the pthreads failed with the following output:
Change Dir: /home/cc/ee106a/fa19/class/ee106a-adr/Desktop/project/TurtleBotProject/Turtlebot-Ball-Catcher/ros_final_project/build/CMakeFiles/CMakeTmp

Run Build Command:"/usr/bin/make" "cmTC_e1221/fast"
/usr/bin/make -f CMakeFiles/cmTC_e1221.dir/build.make CMakeFiles/cmTC_e1221.dir/build
make[1]: Entering directory '/home/cc/ee106a/fa19/class/ee106a-adr/Desktop/project/TurtleBotProject/Turtlebot-Ball-Catcher/ros_final_project/build/CMakeFiles/CMakeTmp'
Building C object CMakeFiles/cmTC_e1221.dir/CheckFunctionExists.c.o
/usr/bin/cc    -DCHECK_FUNCTION_EXISTS=pthread_create   -o CMakeFiles/cmTC_e1221.dir/CheckFunctionExists.c.o   -c /usr/share/cmake-3.5/Modules/CheckFunctionExists.c
Linking C executable cmTC_e1221
/usr/bin/cmake -E cmake_link_script CMakeFiles/cmTC_e1221.dir/link.txt --verbose=1
/usr/bin/cc   -DCHECK_FUNCTION_EXISTS=pthread_create    CMakeFiles/cmTC_e1221.dir/CheckFunctionExists.c.o  -o cmTC_e1221 -rdynamic -lpthreads 
/usr/bin/ld: cannot find -lpthreads
collect2: error: ld returned 1 exit status
CMakeFiles/cmTC_e1221.dir/build.make:97: recipe for target 'cmTC_e1221' failed
make[1]: *** [cmTC_e1221] Error 1
make[1]: Leaving directory '/home/cc/ee106a/fa19/class/ee106a-adr/Desktop/project/TurtleBotProject/Turtlebot-Ball-Catcher/ros_final_project/build/CMakeFiles/CMakeTmp'
Makefile:126: recipe for target 'cmTC_e1221/fast' failed
make: *** [cmTC_e1221/fast] Error 2


